<?xml version="1.0" encoding="UTF-8"?>
<testng-results ignored="0" total="2" passed="2" failed="0" skipped="0">
  <reporter-output>
  </reporter-output>
  <suite started-at="2022-11-05T15:37:57 EDT" name="Default suite" finished-at="2022-11-05T15:37:57 EDT" duration-ms="42">
    <groups>
    </groups>
    <test started-at="2022-11-05T15:37:57 EDT" name="Default test" finished-at="2022-11-05T15:37:57 EDT" duration-ms="42">
      <class name="SanityTests">
        <test-method signature="canRunTest()[pri:0, instance:SanityTests@355ce81c]" started-at="2022-11-05T15:37:57 EDT" name="canRunTest" finished-at="2022-11-05T15:37:57 EDT" duration-ms="9" status="PASS">
          <reporter-output>
          </reporter-output>
        </test-method> <!-- canRunTest -->
        <test-method signature="canUseVar()[pri:0, instance:SanityTests@355ce81c]" started-at="2022-11-05T15:37:57 EDT" name="canUseVar" finished-at="2022-11-05T15:37:57 EDT" duration-ms="1" status="PASS">
          <reporter-output>
          </reporter-output>
        </test-method> <!-- canUseVar -->
      </class> <!-- SanityTests -->
    </test> <!-- Default test -->
  </suite> <!-- Default suite -->
</testng-results>
