<?xml version="1.0" encoding="UTF-8"?>
<testng-results ignored="1" total="2" passed="1" failed="0" skipped="0">
  <reporter-output>
  </reporter-output>
  <suite started-at="2022-11-02T20:12:24 EDT" name="Default suite" finished-at="2022-11-02T20:12:24 EDT" duration-ms="43">
    <groups>
    </groups>
    <test started-at="2022-11-02T20:12:24 EDT" name="Default test" finished-at="2022-11-02T20:12:24 EDT" duration-ms="43">
      <class name="SanityTests">
        <test-method signature="canUseVar()[pri:0, instance:SanityTests@366647c2]" started-at="2022-11-02T20:12:24 EDT" name="canUseVar" finished-at="2022-11-02T20:12:24 EDT" duration-ms="10" status="PASS">
          <reporter-output>
          </reporter-output>
        </test-method> <!-- canUseVar -->
      </class> <!-- SanityTests -->
    </test> <!-- Default test -->
  </suite> <!-- Default suite -->
</testng-results>
